[2026-07-23 21:44:53,472] multiqc                                            [DEBUG  ]  This is MultiQC v1.19
[2026-07-23 21:44:53,473] multiqc                                            [DEBUG  ]  Command used: /opt/conda/envs/bcr_env/bin/multiqc /data/user/epishkin/results/PRJNA900592/qc_raw/fastqc -o /data/user/epishkin/results/PRJNA900592/qc_raw/multiqc -n PRJNA900592_raw_multiqc -f
[2026-07-23 21:44:54,168] multiqc                                            [WARNING]  MultiQC Version v1.35 now available!
[2026-07-23 21:44:54,168] multiqc                                            [DEBUG  ]  Working dir : /data/user/epishkin/one-q/f339ae2f-0bc7-4ac8-ba8c-acd09921ce0e
[2026-07-23 21:44:54,168] multiqc                                            [DEBUG  ]  Template    : default
[2026-07-23 21:44:54,168] multiqc                                            [DEBUG  ]  Running Python 3.11.15 | packaged by conda-forge | (main, Jun 11 2026, 03:34:02) [GCC 14.3.0]
[2026-07-23 21:44:54,170] multiqc                                            [DEBUG  ]  Analysing modules: custom_content, ccs, ngsderive, purple, conpair, lima, peddy, somalier, methylQA, mosdepth, phantompeakqualtools, qualimap, preseq, hifiasm, quast, qorts, rna_seqc, rockhopper, rsem, rseqc, busco, bustools, goleft_indexcov, gffcompare, disambiguate, supernova, deeptools, sargasso, verifybamid, mirtrace, happy, mirtop, sambamba, gopeaks, homer, hops, macs2, theta2, snpeff, gatk, htseq, bcftools, featureCounts, fgbio, dragen, dragen_fastqc, dedup, pbmarkdup, damageprofiler, mapdamage, biobambam2, jcvi, mtnucratio, picard, vep, bakta, prokka, qc3C, nanostat, samblaster, samtools, sexdeterrmine, seqera_cli, eigenstratdatabasetools, bamtools, jellyfish, vcftools, longranger, stacks, varscan2, snippy, umitools, truvari, bbmap, bismark, biscuit, diamond, hicexplorer, hicup, hicpro, salmon, kallisto, slamdunk, star, hisat2, tophat, bowtie2, bowtie1, cellranger, snpsplit, odgi, pangolin, nextclade, freyja, humid, kat, leehom, librarian, adapterRemoval, bbduk, clipandmerge, cutadapt, flexbar, sourmash, kaiju, bracken, kraken, malt, motus, trimmomatic, sickle, skewer, sortmerna, biobloomtools, fastq_screen, afterqc, fastp, fastqc, filtlong, prinseqplusplus, pychopper, porechop, pycoqc, minionqc, anglerfish, multivcfanalyzer, clusterflow, checkqc, bcl2fastq, bclconvert, interop, ivar, flash, seqyclean, optitype, whatshap, xenome, xengsort
[2026-07-23 21:44:54,170] multiqc                                            [DEBUG  ]  Using temporary directory for creating report: /tmp/tmpe74lcflu
[2026-07-23 21:44:54,171] multiqc                                            [INFO   ]  Search path : /data/user/epishkin/results/PRJNA900592/qc_raw/fastqc
[2026-07-23 21:44:54,716] multiqc                                            [DEBUG  ]  Summary of files that were skipped by the search: [skipped_module_specific_max_filesize: 312] // [skipped_no_match: 24]
[2026-07-23 21:44:55,089] multiqc.plots.bargraph                             [DEBUG  ]  Using matplotlib version 3.11.1
[2026-07-23 21:44:55,090] multiqc.plots.linegraph                            [DEBUG  ]  Using matplotlib version 3.11.1
[2026-07-23 21:44:55,090] multiqc                                            [DEBUG  ]  No samples found: custom_content
[2026-07-23 21:44:55,130] multiqc.modules.fastqc.fastqc                      [INFO   ]  Found 24 reports
[2026-07-23 21:44:55,183] multiqc.utils.software_versions                    [DEBUG  ]  Reading software versions from config.software_versions
[2026-07-23 21:44:55,201] multiqc                                            [DEBUG  ]  Compressing plot data
[2026-07-23 21:44:55,446] multiqc                                            [INFO   ]  Report      : ../../results/PRJNA900592/qc_raw/multiqc/PRJNA900592_raw_multiqc.html   (overwritten)
[2026-07-23 21:44:55,446] multiqc                                            [INFO   ]  Data        : ../../results/PRJNA900592/qc_raw/multiqc/PRJNA900592_raw_multiqc_data   (overwritten)
[2026-07-23 21:44:55,446] multiqc                                            [DEBUG  ]  Moving data file from '/tmp/tmpe74lcflu/multiqc_data' to '/data/user/epishkin/results/PRJNA900592/qc_raw/multiqc/PRJNA900592_raw_multiqc_data'
[2026-07-23 21:44:55,454] multiqc                                            [DEBUG  ]  Full report path: /data/user/epishkin/results/PRJNA900592/qc_raw/multiqc/PRJNA900592_raw_multiqc.html
[2026-07-23 21:44:55,526] multiqc                                            [INFO   ]  MultiQC complete
