Detecting adapter sequence for read1...
No adapter detected for read1

Detecting adapter sequence for read2...
No adapter detected for read2


WARNNIG: different read numbers of the 47 pack
Read1 pack size: 1000
Read2 pack size: 443

Read1 before filtering:
total reads: 49443
total bases: 12931301
Q20 bases: 12701067(98.2196%)
Q30 bases: 12119005(93.7184%)

Read2 before filtering:
total reads: 49443
total bases: 12922155
Q20 bases: 11233807(86.9345%)
Q30 bases: 9664608(74.791%)

Read1 after filtering:
total reads: 45098
total bases: 11804707
Q20 bases: 11596745(98.2383%)
Q30 bases: 11067562(93.7555%)

Read2 after filtering:
total reads: 45098
total bases: 11798866
Q20 bases: 10335785(87.5998%)
Q30 bases: 8968324(76.0101%)

Filtering result:
reads passed filter: 90196
reads failed due to low quality: 7260
reads failed due to too many N: 0
reads failed due to too short: 1430
reads with adapter trimmed: 0
bases trimmed due to adapters: 0

Duplication rate: 0.0525858%

Insert size peak (evaluated by paired-end reads): 0

JSON report: /home/sa_110818210310663084911/rima_clone/results/PRJEB40348/pr_trimmed/fastp_reports/ERR4588267.json
HTML report: /home/sa_110818210310663084911/rima_clone/results/PRJEB40348/pr_trimmed/fastp_reports/ERR4588267.html

fastp -i /home/sa_110818210310663084911/rima_clone/results/PRJEB40348/pr_trimmed/fastq/ERR4588267_1.pr_primers-pass.fastq.gz -I /home/sa_110818210310663084911/rima_clone/results/PRJEB40348/pr_trimmed/fastq/ERR4588267_2.pr_primers-pass.fastq.gz -o /home/sa_110818210310663084911/rima_clone/results/PRJEB40348/pr_trimmed/fastq/ERR4588267_1.pr.fastq.gz -O /home/sa_110818210310663084911/rima_clone/results/PRJEB40348/pr_trimmed/fastq/ERR4588267_2.pr.fastq.gz -q 30 -l 250 --detect_adapter_for_pe -w 4 -h /home/sa_110818210310663084911/rima_clone/results/PRJEB40348/pr_trimmed/fastp_reports/ERR4588267.html -j /home/sa_110818210310663084911/rima_clone/results/PRJEB40348/pr_trimmed/fastp_reports/ERR4588267.json 
fastp v0.23.2, time used: 15 seconds
