Detecting adapter sequence for read1...
No adapter detected for read1

Detecting adapter sequence for read2...
No adapter detected for read2


WARNNIG: different read numbers of the 88 pack
Read1 pack size: 1000
Read2 pack size: 729

Read1 before filtering:
total reads: 91729
total bases: 24012766
Q20 bases: 23077144(96.1036%)
Q30 bases: 21395162(89.0991%)

Read2 before filtering:
total reads: 91729
total bases: 23972611
Q20 bases: 19489323(81.2983%)
Q30 bases: 16186528(67.5209%)

Read1 after filtering:
total reads: 73897
total bases: 19358526
Q20 bases: 18611133(96.1392%)
Q30 bases: 17260354(89.1615%)

Read2 after filtering:
total reads: 73897
total bases: 19327300
Q20 bases: 16016195(82.8682%)
Q30 bases: 13474479(69.7173%)

Filtering result:
reads passed filter: 147794
reads failed due to low quality: 33860
reads failed due to too many N: 0
reads failed due to too short: 1804
reads with adapter trimmed: 0
bases trimmed due to adapters: 0

Duplication rate: 0.126459%

Insert size peak (evaluated by paired-end reads): 0

JSON report: /home/sa_110818210310663084911/rima_clone/results/PRJEB40348/pr_trimmed/fastp_reports/ERR4588275.json
HTML report: /home/sa_110818210310663084911/rima_clone/results/PRJEB40348/pr_trimmed/fastp_reports/ERR4588275.html

fastp -i /home/sa_110818210310663084911/rima_clone/results/PRJEB40348/pr_trimmed/fastq/ERR4588275_1.pr_primers-pass.fastq.gz -I /home/sa_110818210310663084911/rima_clone/results/PRJEB40348/pr_trimmed/fastq/ERR4588275_2.pr_primers-pass.fastq.gz -o /home/sa_110818210310663084911/rima_clone/results/PRJEB40348/pr_trimmed/fastq/ERR4588275_1.pr.fastq.gz -O /home/sa_110818210310663084911/rima_clone/results/PRJEB40348/pr_trimmed/fastq/ERR4588275_2.pr.fastq.gz -q 30 -l 250 --detect_adapter_for_pe -w 4 -h /home/sa_110818210310663084911/rima_clone/results/PRJEB40348/pr_trimmed/fastp_reports/ERR4588275.html -j /home/sa_110818210310663084911/rima_clone/results/PRJEB40348/pr_trimmed/fastp_reports/ERR4588275.json 
fastp v0.23.2, time used: 39 seconds
