Detecting adapter sequence for read1...
No adapter detected for read1

Detecting adapter sequence for read2...
No adapter detected for read2


WARNNIG: different read numbers of the 57 pack
Read1 pack size: 1000
Read2 pack size: 823

Read1 before filtering:
total reads: 60823
total bases: 15891239
Q20 bases: 15628376(98.3459%)
Q30 bases: 14940362(94.0163%)

Read2 before filtering:
total reads: 60823
total bases: 15883667
Q20 bases: 13941451(87.7722%)
Q30 bases: 12104509(76.2073%)

Read1 after filtering:
total reads: 55925
total bases: 14631025
Q20 bases: 14391570(98.3634%)
Q30 bases: 13761824(94.0592%)

Read2 after filtering:
total reads: 55925
total bases: 14626798
Q20 bases: 12918945(88.3238%)
Q30 bases: 11296445(77.2312%)

Filtering result:
reads passed filter: 111850
reads failed due to low quality: 7278
reads failed due to too many N: 0
reads failed due to too short: 2518
reads with adapter trimmed: 0
bases trimmed due to adapters: 0

Duplication rate: 0.085494%

Insert size peak (evaluated by paired-end reads): 0

JSON report: /home/sa_110818210310663084911/rima_clone/results/PRJEB40348/pr_trimmed/fastp_reports/ERR4588266.json
HTML report: /home/sa_110818210310663084911/rima_clone/results/PRJEB40348/pr_trimmed/fastp_reports/ERR4588266.html

fastp -i /home/sa_110818210310663084911/rima_clone/results/PRJEB40348/pr_trimmed/fastq/ERR4588266_1.pr_primers-pass.fastq.gz -I /home/sa_110818210310663084911/rima_clone/results/PRJEB40348/pr_trimmed/fastq/ERR4588266_2.pr_primers-pass.fastq.gz -o /home/sa_110818210310663084911/rima_clone/results/PRJEB40348/pr_trimmed/fastq/ERR4588266_1.pr.fastq.gz -O /home/sa_110818210310663084911/rima_clone/results/PRJEB40348/pr_trimmed/fastq/ERR4588266_2.pr.fastq.gz -q 30 -l 250 --detect_adapter_for_pe -w 4 -h /home/sa_110818210310663084911/rima_clone/results/PRJEB40348/pr_trimmed/fastp_reports/ERR4588266.html -j /home/sa_110818210310663084911/rima_clone/results/PRJEB40348/pr_trimmed/fastp_reports/ERR4588266.json 
fastp v0.23.2, time used: 22 seconds
