Detecting adapter sequence for read1...
No adapter detected for read1

Detecting adapter sequence for read2...
No adapter detected for read2


WARNNIG: different read numbers of the 72 pack
Read1 pack size: 1000
Read2 pack size: 17

Read1 before filtering:
total reads: 77017
total bases: 20168533
Q20 bases: 19363437(96.0082%)
Q30 bases: 17951339(89.0067%)

Read2 before filtering:
total reads: 77017
total bases: 20123364
Q20 bases: 16180534(80.4067%)
Q30 bases: 13377763(66.4788%)

Read1 after filtering:
total reads: 59389
total bases: 15565436
Q20 bases: 14946226(96.0219%)
Q30 bases: 13855935(89.0173%)

Read2 after filtering:
total reads: 59389
total bases: 15532738
Q20 bases: 12759277(82.1444%)
Q30 bases: 10696211(68.8624%)

Filtering result:
reads passed filter: 118778
reads failed due to low quality: 33162
reads failed due to too many N: 0
reads failed due to too short: 2094
reads with adapter trimmed: 0
bases trimmed due to adapters: 0

Duplication rate: 0.0623239%

Insert size peak (evaluated by paired-end reads): 0

JSON report: /home/sa_110818210310663084911/rima_clone/results/PRJEB40348/pr_trimmed/fastp_reports/ERR4588276.json
HTML report: /home/sa_110818210310663084911/rima_clone/results/PRJEB40348/pr_trimmed/fastp_reports/ERR4588276.html

fastp -i /home/sa_110818210310663084911/rima_clone/results/PRJEB40348/pr_trimmed/fastq/ERR4588276_1.pr_primers-pass.fastq.gz -I /home/sa_110818210310663084911/rima_clone/results/PRJEB40348/pr_trimmed/fastq/ERR4588276_2.pr_primers-pass.fastq.gz -o /home/sa_110818210310663084911/rima_clone/results/PRJEB40348/pr_trimmed/fastq/ERR4588276_1.pr.fastq.gz -O /home/sa_110818210310663084911/rima_clone/results/PRJEB40348/pr_trimmed/fastq/ERR4588276_2.pr.fastq.gz -q 30 -l 250 --detect_adapter_for_pe -w 4 -h /home/sa_110818210310663084911/rima_clone/results/PRJEB40348/pr_trimmed/fastp_reports/ERR4588276.html -j /home/sa_110818210310663084911/rima_clone/results/PRJEB40348/pr_trimmed/fastp_reports/ERR4588276.json 
fastp v0.23.2, time used: 37 seconds
